# JRE version: OpenJDK Runtime Environment (11.0.13) (build 11.0.13+0-b1751.21-8125866)
# Java VM: OpenJDK 64-Bit Server VM (11.0.13+0-b1751.21-8125866, mixed mode, tiered, compressed oops, g1 gc, windows-amd64)
Heap:
 garbage-first heap   total 157696K, used 98946K [0x0000000080000000, 0x0000000100000000)
  region size 1024K, 71 young (72704K), 4 survivors (4096K)
 Metaspace       used 54632K, capacity 56039K, committed 56220K, reserved 1097728K
  class space    used 6960K, capacity 7482K, committed 7500K, reserved 1048576K
GC Heap History (14 events):
Event: 0.726 GC heap before
{Heap before GC invocations=0 (full 0):
 garbage-first heap   total 131072K, used 27648K [0x0000000080000000, 0x0000000100000000)
  region size 1024K, 24 young (24576K), 0 survivors (0K)
 Metaspace       used 10247K, capacity 10501K, committed 10624K, reserved 1058816K
  class space    used 1056K, capacity 1139K, committed 1152K, reserved 1048576K
}
Event: 0.731 GC heap after
{Heap after GC invocations=1 (full 0):
 garbage-first heap   total 131072K, used 9542K [0x0000000080000000, 0x0000000100000000)
  region size 1024K, 3 young (3072K), 3 survivors (3072K)
 Metaspace       used 10247K, capacity 10501K, committed 10624K, reserved 1058816K
  class space    used 1056K, capacity 1139K, committed 1152K, reserved 1048576K
}
Event: 2.117 GC heap before
{Heap before GC invocations=1 (full 0):
 garbage-first heap   total 131072K, used 84294K [0x0000000080000000, 0x0000000100000000)
  region size 1024K, 76 young (77824K), 3 survivors (3072K)
 Metaspace       used 17830K, capacity 18271K, committed 18432K, reserved 1064960K
  class space    used 2090K, capacity 2242K, committed 2304K, reserved 1048576K
}
Event: 2.123 GC heap after
{Heap after GC invocations=2 (full 0):
 garbage-first heap   total 131072K, used 16268K [0x0000000080000000, 0x0000000100000000)
  region size 1024K, 10 young (10240K), 10 survivors (10240K)
 Metaspace       used 17830K, capacity 18271K, committed 18432K, reserved 1064960K
  class space    used 2090K, capacity 2242K, committed 2304K, reserved 1048576K
}
Event: 2.378 GC heap before
{Heap before GC invocations=2 (full 0):
 garbage-first heap   total 131072K, used 41868K [0x0000000080000000, 0x0000000100000000)
  region size 1024K, 36 young (36864K), 10 survivors (10240K)
 Metaspace       used 20743K, capacity 21193K, committed 21296K, reserved 1069056K
  class space    used 2529K, capacity 2684K, committed 2688K, reserved 1048576K
}
Event: 2.388 GC heap after
{Heap after GC invocations=3 (full 0):
 garbage-first heap   total 131072K, used 17475K [0x0000000080000000, 0x0000000100000000)
  region size 1024K, 2 young (2048K), 2 survivors (2048K)
 Metaspace       used 20743K, capacity 21193K, committed 21296K, reserved 1069056K
  class space    used 2529K, capacity 2684K, committed 2688K, reserved 1048576K
}
Event: 3.009 GC heap before
{Heap before GC invocations=4 (full 0):
 garbage-first heap   total 131072K, used 75843K [0x0000000080000000, 0x0000000100000000)
  region size 1024K, 59 young (60416K), 2 survivors (2048K)
 Metaspace       used 27227K, capacity 27975K, committed 28080K, reserved 1073152K
  class space    used 3548K, capacity 3810K, committed 3840K, reserved 1048576K
}
Event: 3.013 GC heap after
{Heap after GC invocations=5 (full 0):
 garbage-first heap   total 131072K, used 19333K [0x0000000080000000, 0x0000000100000000)
  region size 1024K, 3 young (3072K), 3 survivors (3072K)
 Metaspace       used 27227K, capacity 27975K, committed 28080K, reserved 1073152K
  class space    used 3548K, capacity 3810K, committed 3840K, reserved 1048576K
}
Event: 3.756 GC heap before
{Heap before GC invocations=5 (full 0):
 garbage-first heap   total 131072K, used 80773K [0x0000000080000000, 0x0000000100000000)
  region size 1024K, 64 young (65536K), 3 survivors (3072K)
 Metaspace       used 35053K, capacity 35840K, committed 35920K, reserved 1081344K
  class space    used 4523K, capacity 4837K, committed 4864K, reserved 1048576K
}
Event: 3.764 GC heap after
{Heap after GC invocations=6 (full 0):
 garbage-first heap   total 131072K, used 22468K [0x0000000080000000, 0x0000000100000000)
  region size 1024K, 7 young (7168K), 7 survivors (7168K)
 Metaspace       used 35053K, capacity 35840K, committed 35920K, reserved 1081344K
  class space    used 4523K, capacity 4837K, committed 4864K, reserved 1048576K
}
Event: 4.496 GC heap before
{Heap before GC invocations=7 (full 0):
 garbage-first heap   total 131072K, used 90052K [0x0000000080000000, 0x0000000100000000)
  region size 1024K, 71 young (72704K), 7 survivors (7168K)
 Metaspace       used 41115K, capacity 42127K, committed 42396K, reserved 1085440K
  class space    used 5235K, capacity 5628K, committed 5708K, reserved 1048576K
}
Event: 4.507 GC heap after
{Heap after GC invocations=8 (full 0):
 garbage-first heap   total 131072K, used 29144K [0x0000000080000000, 0x0000000100000000)
  region size 1024K, 9 young (9216K), 9 survivors (9216K)
 Metaspace       used 41115K, capacity 42127K, committed 42396K, reserved 1085440K
  class space    used 5235K, capacity 5628K, committed 5708K, reserved 1048576K
}
Event: 5.133 GC heap before
{Heap before GC invocations=8 (full 0):
 garbage-first heap   total 131072K, used 92632K [0x0000000080000000, 0x0000000100000000)
  region size 1024K, 71 young (72704K), 9 survivors (9216K)
 Metaspace       used 46738K, capacity 47873K, committed 48028K, reserved 1091584K
  class space    used 5966K, capacity 6404K, committed 6476K, reserved 1048576K
}
Event: 5.141 GC heap after
{Heap after GC invocations=9 (full 0):
 garbage-first heap   total 157696K, used 31362K [0x0000000080000000, 0x0000000100000000)
  region size 1024K, 4 young (4096K), 4 survivors (4096K)
 Metaspace       used 46738K, capacity 47873K, committed 48028K, reserved 1091584K
  class space    used 5966K, capacity 6404K, committed 6476K, reserved 1048576K
}

